<?xml version="1.0" encoding="UTF-8"?>
<!-- Generated by org.testng.reporters.JUnitReportReporter -->
<testsuite skipped="0" hostname="EPINPUNW001A" name="com.mystore.testcases.BasketPage" tests="2" failures="0" timestamp="2023-09-05T10:59:55 IST" time="0.006" errors="0">
  <testcase name="test1" time="0.003" classname="com.mystore.testcases.BasketPage"/>
  <system-out/>
  <testcase name="test2" time="0.003" classname="com.mystore.testcases.BasketPage"/>
  <system-out/>
</testsuite> <!-- com.mystore.testcases.BasketPage -->
